<?xml version="1.0" encoding="UTF-8"?>
<testsuite name="mk.finki.ukim.SILab2Test" tests="2" skipped="0" failures="0" errors="0" timestamp="2023-05-20T16:29:05" hostname="CHRIS" time="0.014">
  <properties/>
  <testcase name="EveryBranch()" classname="mk.finki.ukim.SILab2Test" time="0.012"/>
  <testcase name="MultipleCondition()" classname="mk.finki.ukim.SILab2Test" time="0.001"/>
  <system-out><![CDATA[]]></system-out>
  <system-err><![CDATA[]]></system-err>
</testsuite>
